#
# There is insufficient memory for the Java Runtime Environment to continue.
# Native memory allocation (malloc) failed to allocate 1048576 bytes for AllocateHeap
# Possible reasons:
#   The system is out of physical RAM or swap space
#   In 32 bit mode, the process size limit was hit
# Possible solutions:
#   Reduce memory load on the system
#   Increase physical memory or swap space
#   Check if swap backing store is full
#   Use 64 bit Java on a 64 bit OS
#   Decrease Java heap size (-Xmx/-Xms)
#   Decrease number of Java threads
#   Decrease Java thread stack sizes (-Xss)
#   Set larger code cache with -XX:ReservedCodeCacheSize=
# This output file may be truncated or incomplete.
#
#  Out of Memory Error (memory/allocation.inline.hpp:61), pid=5308, tid=0x0000000000001740
#
# JRE version:  (8.0_181-b13) (build )
# Java VM: Java HotSpot(TM) 64-Bit Server VM (25.181-b13 mixed mode windows-amd64 compressed oops)
# Failed to write core dump. Minidumps are not enabled by default on client versions of Windows
#

---------------  T H R E A D  ---------------

Current thread (0x000000000247c800):  JavaThread "Unknown thread" [_thread_in_vm, id=5952, stack(0x00000000025f0000,0x00000000026f0000)]

Stack: [0x00000000025f0000,0x00000000026f0000]
[error occurred during error reporting (printing stack bounds), id 0xc0000005]

Native frames: (J=compiled Java code, j=interpreted, Vv=VM code, C=native code)


---------------  P R O C E S S  ---------------

Java Threads: ( => current thread )

Other Threads:

=>0x000000000247c800 (exited) JavaThread "Unknown thread" [_thread_in_vm, id=5952, stack(0x00000000025f0000,0x00000000026f0000)]

VM state:not at safepoint (normal execution)

VM Mutex/Monitor currently owned by a thread: None

Heap:
 PSYoungGen      total 38400K, used 665K [0x00000000d5d80000, 0x00000000d8800000, 0x0000000100000000)
  eden space 33280K, 2% used [0x00000000d5d80000,0x00000000d5e26670,0x00000000d7e00000)
  from space 5120K, 0% used [0x00000000d8300000,0x00000000d8300000,0x00000000d8800000)
  to   space 5120K, 0% used [0x00000000d7e00000,0x00000000d7e00000,0x00000000d8300000)
 ParOldGen       total 87552K, used 0K [0x0000000081800000, 0x0000000086d80000, 0x00000000d5d80000)
  object space 87552K, 0% used [0x0000000081800000,0x0000000081800000,0x0000000086d80000)
 Metaspace       used 775K, capacity 4480K, committed 4480K, reserved 1056768K
  class space    used 76K, capacity 384K, committed 384K, reserved 1048576K

Card table byte_map: [0x0000000002bb0000,0x0000000002fb0000] byte_map_base: 0x00000000027a4000

Marking Bits: (ParMarkBitMap*) 0x0000000051bf2d00
 Begin Bits: [0x0000000003af0000, 0x0000000005a90000)
 End Bits:   [0x0000000005a90000, 0x0000000007a30000)

Polling page: 0x0000000000430000

CodeCache: size=245760Kb used=328Kb max_used=328Kb free=245431Kb
 bounds [0x000000000f010000, 0x000000000f280000, 0x000000001e010000]
 total_blobs=58 nmethods=0 adapters=38
 compilation: enabled

Compilation events (0 events):
No events

GC Heap History (0 events):
No events

Deoptimization events (0 events):
No events

Classes redefined (0 events):
No events

Internal exceptions (0 events):
No events

Events (10 events):
Event: 0.079 loading class java/lang/Short
Event: 0.079 loading class java/lang/Short done
Event: 0.079 loading class java/lang/Integer
Event: 0.080 loading class java/lang/Integer done
Event: 0.080 loading class java/lang/Long
Event: 0.080 loading class java/lang/Long done
Event: 0.081 loading class java/lang/NullPointerException
Event: 0.081 loading class java/lang/NullPointerException done
Event: 0.081 loading class java/lang/ArithmeticException
Event: 0.081 loading class java/lang/ArithmeticException done


Dynamic libraries:
0x000000013fc10000 - 0x000000013fc47000 	D:\KaiFaSoftWare\jdk1.8.0_181\bin\java.exe
0x00000000774b0000 - 0x0000000077659000 	C:\Windows\SYSTEM32\ntdll.dll
0x0000000077290000 - 0x00000000773b0000 	C:\Windows\system32\kernel32.dll
0x000007fefd290000 - 0x000007fefd2fc000 	C:\Windows\system32\KERNELBASE.dll
0x000007fefe600000 - 0x000007fefe6db000 	C:\Windows\system32\ADVAPI32.dll
0x000007fefea10000 - 0x000007fefeaaf000 	C:\Windows\system32\msvcrt.dll
0x000007feff250000 - 0x000007feff26f000 	C:\Windows\SYSTEM32\sechost.dll
0x000007feff5c0000 - 0x000007feff6ed000 	C:\Windows\system32\RPCRT4.dll
0x00000000773b0000 - 0x00000000774aa000 	C:\Windows\system32\USER32.dll
0x000007fefe6e0000 - 0x000007fefe747000 	C:\Windows\system32\GDI32.dll
0x000007feff530000 - 0x000007feff53e000 	C:\Windows\system32\LPK.dll
0x000007feff6f0000 - 0x000007feff7ba000 	C:\Windows\system32\USP10.dll
0x000007fefb970000 - 0x000007fefbb64000 	C:\Windows\WinSxS\amd64_microsoft.windows.common-controls_6595b64144ccf1df_6.0.7601.18837_none_fa3b1e3d17594757\COMCTL32.dll
0x000007fefe550000 - 0x000007fefe5c1000 	C:\Windows\system32\SHLWAPI.dll
0x000007fefe5d0000 - 0x000007fefe5fe000 	C:\Windows\system32\IMM32.DLL
0x000007fefeab0000 - 0x000007fefebb9000 	C:\Windows\system32\MSCTF.dll
0x000007fefd180000 - 0x000007fefd1b1000 	C:\Windows\system32\nvinitx.dll
0x000007fefd170000 - 0x000007fefd17c000 	C:\Windows\system32\VERSION.dll
0x000000000f000000 - 0x000000000f006000 	C:\Program Files\NVIDIA Corporation\CoProcManager\detoured.dll
0x000007fefac60000 - 0x000007fefac92000 	C:\Program Files\NVIDIA Corporation\CoProcManager\nvd3d9wrapx.dll
0x000007feff010000 - 0x000007feff1e7000 	C:\Windows\system32\SETUPAPI.dll
0x000007fefd490000 - 0x000007fefd4c6000 	C:\Windows\system32\CFGMGR32.dll
0x000007fefebc0000 - 0x000007fefec97000 	C:\Windows\system32\OLEAUT32.dll
0x000007fefe760000 - 0x000007fefe963000 	C:\Windows\system32\ole32.dll
0x000007fefd270000 - 0x000007fefd28a000 	C:\Windows\system32\DEVOBJ.dll
0x000007fefac30000 - 0x000007fefac52000 	C:\Program Files\NVIDIA Corporation\CoProcManager\nvdxgiwrapx.dll
0x000000005e2f0000 - 0x000000005e3c2000 	D:\KaiFaSoftWare\jdk1.8.0_181\jre\bin\msvcr100.dll
0x00000000513d0000 - 0x0000000051c72000 	D:\KaiFaSoftWare\jdk1.8.0_181\jre\bin\server\jvm.dll
0x000007fefc180000 - 0x000007fefc189000 	C:\Windows\system32\WSOCK32.dll
0x000007feff4e0000 - 0x000007feff52d000 	C:\Windows\system32\WS2_32.dll
0x000007fefe750000 - 0x000007fefe758000 	C:\Windows\system32\NSI.dll
0x000007fefaf40000 - 0x000007fefaf7b000 	C:\Windows\system32\WINMM.dll
0x0000000077670000 - 0x0000000077677000 	C:\Windows\system32\PSAPI.DLL
0x00000000747e0000 - 0x00000000747ef000 	D:\KaiFaSoftWare\jdk1.8.0_181\jre\bin\verify.dll
0x00000000747a0000 - 0x00000000747c9000 	D:\KaiFaSoftWare\jdk1.8.0_181\jre\bin\java.dll
0x0000000071f50000 - 0x0000000071f73000 	D:\KaiFaSoftWare\jdk1.8.0_181\jre\bin\instrument.dll
0x0000000074780000 - 0x0000000074796000 	D:\KaiFaSoftWare\jdk1.8.0_181\jre\bin\zip.dll

VM Arguments:
jvm_args: -XX:TieredStopAtLevel=1 -Xverify:none -Dspring.output.ansi.enabled=always -Dcom.sun.management.jmxremote -Dcom.sun.management.jmxremote.port=57606 -Dcom.sun.management.jmxremote.authenticate=false -Dcom.sun.management.jmxremote.ssl=false -Djava.rmi.server.hostname=localhost -Dspring.liveBeansView.mbeanDomain -Dspring.application.admin.enabled=true -javaagent:C:\Program Files\JetBrains\IntelliJ IDEA 2018.2.5\lib\idea_rt.jar=57607:C:\Program Files\JetBrains\IntelliJ IDEA 2018.2.5\bin -Dfile.encoding=UTF-8 
java_command: com.LoginApplication
java_class_path (initial): D:\KaiFaSoftWare\jdk1.8.0_181\jre\lib\charsets.jar;D:\KaiFaSoftWare\jdk1.8.0_181\jre\lib\deploy.jar;D:\KaiFaSoftWare\jdk1.8.0_181\jre\lib\ext\access-bridge-64.jar;D:\KaiFaSoftWare\jdk1.8.0_181\jre\lib\ext\cldrdata.jar;D:\KaiFaSoftWare\jdk1.8.0_181\jre\lib\ext\dnsns.jar;D:\KaiFaSoftWare\jdk1.8.0_181\jre\lib\ext\jaccess.jar;D:\KaiFaSoftWare\jdk1.8.0_181\jre\lib\ext\jfxrt.jar;D:\KaiFaSoftWare\jdk1.8.0_181\jre\lib\ext\localedata.jar;D:\KaiFaSoftWare\jdk1.8.0_181\jre\lib\ext\nashorn.jar;D:\KaiFaSoftWare\jdk1.8.0_181\jre\lib\ext\sunec.jar;D:\KaiFaSoftWare\jdk1.8.0_181\jre\lib\ext\sunjce_provider.jar;D:\KaiFaSoftWare\jdk1.8.0_181\jre\lib\ext\sunmscapi.jar;D:\KaiFaSoftWare\jdk1.8.0_181\jre\lib\ext\sunpkcs11.jar;D:\KaiFaSoftWare\jdk1.8.0_181\jre\lib\ext\zipfs.jar;D:\KaiFaSoftWare\jdk1.8.0_181\jre\lib\javaws.jar;D:\KaiFaSoftWare\jdk1.8.0_181\jre\lib\jce.jar;D:\KaiFaSoftWare\jdk1.8.0_181\jre\lib\jfr.jar;D:\KaiFaSoftWare\jdk1.8.0_181\jre\lib\jfxswt.jar;D:\KaiFaSoftWare\jdk1.8.0_181\jre\lib\jsse.jar;D:\KaiFaSoftWare\jdk1.8.0_181\jre\lib\management-agent.jar;D:\KaiFaSoftWare\jdk1.8.0_181\jre\lib\plugin.jar;D:\KaiFaSoftWare\jdk1.8.0_181\jre\lib\resources.jar;D:\KaiFaSoftWare\jdk1.8.0_181\jre\lib\rt.jar;D:\login\target\classes;D:\Maven本地仓库\org\springframework\boot\spring-boot-starter-web\2.1.4.RELEASE\spring-boot-starter-web-2.1.4.RELEASE.jar;D:\Maven本地仓库\org\springframework\boot\spring-boot-starter\2.1.4.RELEASE\spring-boot-starter-2.1.4.RELEASE.jar;D:\Maven本地仓库\org\springframework\boot\spring-boot-starter-logging\2.1.4.RELEASE\spring-boot-starter-logging-2.1.4.RELEASE.jar;D:\Maven本地仓库\ch\qos\logback\logback-classic\1.2.3\logback-classic-1.2.3.jar;D:\Maven本地仓库\ch\qos\logback\logback-core\1.2.3\logback-core-1.2.3.jar;D:\Maven本地仓库\org\apache\logging\log4j\log4j-to-slf4j\2.11.2\log4j-to-slf4j-2.11.2.jar;D:\Maven本地仓库\org\apache\logging\log4j\log4j-api\2.11.2\log4j-api-2.11.2.jar;D:\Maven本地仓库\org\slf4j\jul-to-slf4j\1.7.26\jul
Launcher Type: SUN_STANDARD

Environment Variables:
JAVA_HOME=D:\KaiFaSoftWare\jdk1.8.0_181
CLASSPATH=D:\KaiFaSoftWare\jdk1.8.0_181\lib
PATH=D:\KaiFaSoftWare\jdk1.8.0_181\bin;C:\Program Files\TortoiseSVN\bin;C:\Program Files\Git\cmd;C:\Users\Administrator\AppData\Local\GitHubDesktop\bin
USERNAME=Administrator
OS=Windows_NT
PROCESSOR_IDENTIFIER=Intel64 Family 6 Model 61 Stepping 4, GenuineIntel



---------------  S Y S T E M  ---------------

OS: Windows 7 , 64 bit Build 7601 (6.1.7601.19045)

CPU:total 4 (initial active 4) (2 cores per cpu, 2 threads per core) family 6 model 61 stepping 4, cmov, cx8, fxsr, mmx, sse, sse2, sse3, ssse3, sse4.1, sse4.2, popcnt, avx, avx2, aes, clmul, erms, 3dnowpref, lzcnt, ht, tsc, tscinvbit, bmi1, bmi2, adx

Memory: 4k page, physical 8285572k(2146120k free), swap 8283736k(5024k free)

vm_info: Java HotSpot(TM) 64-Bit Server VM (25.181-b13) for windows-amd64 JRE (1.8.0_181-b13), built on Jul  7 2018 04:01:33 by "java_re" with MS VC++ 10.0 (VS2010)

time: Tue May 07 15:33:36 2019
elapsed time: 0 seconds (0d 0h 0m 0s)

